Running experiment: cnn_baseline_v1
Job ID: 27178491
Using device: cuda
Loading data from project4/src/pothole_proposals_train.pt...
Calculating class weights for sampling...
Train set balance: Background=129929, Pothole=5745
Starting training...
Epoch [1/20] Loss: 0.3759 | Val Acc: 90.80%
Epoch [2/20] Loss: 0.2318 | Val Acc: 92.85%
Epoch [3/20] Loss: 0.1695 | Val Acc: 94.48%
Epoch [4/20] Loss: 0.1232 | Val Acc: 95.27%
Epoch [5/20] Loss: 0.0935 | Val Acc: 96.08%
Epoch [6/20] Loss: 0.0754 | Val Acc: 96.59%
Epoch [7/20] Loss: 0.0599 | Val Acc: 96.74%
Epoch [8/20] Loss: 0.0531 | Val Acc: 97.07%
Epoch [9/20] Loss: 0.0441 | Val Acc: 97.01%
Epoch [10/20] Loss: 0.0389 | Val Acc: 97.32%
Epoch [11/20] Loss: 0.0360 | Val Acc: 97.51%
Epoch [12/20] Loss: 0.0303 | Val Acc: 97.32%
Epoch [13/20] Loss: 0.0277 | Val Acc: 97.24%
Epoch [14/20] Loss: 0.0273 | Val Acc: 97.31%
Epoch [15/20] Loss: 0.0249 | Val Acc: 97.65%
Epoch [16/20] Loss: 0.0234 | Val Acc: 97.53%
Epoch [17/20] Loss: 0.0200 | Val Acc: 97.84%
Epoch [18/20] Loss: 0.0190 | Val Acc: 97.72%
Epoch [19/20] Loss: 0.0201 | Val Acc: 97.69%
Epoch [20/20] Loss: 0.0163 | Val Acc: 97.52%
Training finished. Best Val Acc: 97.84%. Plot saved to project4/experiments/cnn_baseline_v1/training_plot.png
Job finished.

------------------------------------------------------------
Sender: LSF System <lsfadmin@hpc.dtu.dk>
Subject: Job 27178491: <Pothole_CNN_Baseline> in cluster <dcc> Done

Job <Pothole_CNN_Baseline> was submitted from host <gbarlogin1> by user <s250673> in cluster <dcc> at Tue Nov 25 23:57:33 2025
Job was executed on host(s) <4*n-62-18-13>, in queue <c02516>, as user <s250673> in cluster <dcc> at Tue Nov 25 23:57:34 2025
</zhome/d8/c/219929> was used as the home directory.
</zhome/d8/c/219929> was used as the working directory.
Started at Tue Nov 25 23:57:34 2025
Terminated at Wed Nov 26 02:08:56 2025
Results reported at Wed Nov 26 02:08:56 2025

Your job looked like:

------------------------------------------------------------
# LSBATCH: User input
#!/bin/sh

### --- 1. EDIT THESE LINES FOR EACH NEW EXPERIMENT ---
### Set the folder name manually here. Variables ($EXP_NAME) do NOT work in #BSUB lines.
#BSUB -J Pothole_CNN_Baseline
#BSUB -o project4/experiments/cnn_baseline_v1/output_%J.out
#BSUB -e project4/experiments/cnn_baseline_v1/error_%J.err

### --- BSUB Standard Options ---
#BSUB -q c02516
#BSUB -gpu "num=1:mode=exclusive_process"
#BSUB -n 4
#BSUB -R "rusage[mem=10GB]"
#BSUB -W 04:00

### --- Script Logic ---
# Define the same name here so Python knows where to save the model
EXP_NAME="cnn_baseline_v1"
OUTPUT_DIR="project4/experiments/$EXP_NAME"

echo "Running experiment: $EXP_NAME"
echo "Job ID: $LSB_JOBID"

# Load environment
module load python3/3.13.5
module load cuda/11.6
source dl_env/bin/activate

# Add src to PYTHONPATH so imports work correctly
export PYTHONPATH=$PYTHONPATH:$(pwd)/project4/src

# Run Training
# Note: We pass the created OUTPUT_DIR to python so it saves model/plots there
python project4/src/train_potholes.py \
    --data_path project4/src/pothole_proposals_train.pt \
    --output_dir $OUTPUT_DIR \
    --epochs 20 \
    --batch_size 64 \
    --lr 0.001

echo "Job finished."
------------------------------------------------------------

Successfully completed.

Resource usage summary:

    CPU time :                                   31297.15 sec.
    Max Memory :                                 1312 MB
    Average Memory :                             1192.67 MB
    Total Requested Memory :                     40960.00 MB
    Delta Memory :                               39648.00 MB
    Max Swap :                                   -
    Max Processes :                              8
    Max Threads :                                24
    Run time :                                   7977 sec.
    Turnaround time :                            7883 sec.

The output (if any) is above this job summary.



PS:

Read file <project4/experiments/cnn_baseline_v1/error_27178491.err> for stderr output of this job.

